<?xml version="1.0" encoding="UTF-8"?>
<!-- Generated by org.testng.reporters.JUnitReportReporter -->
<testsuite skipped="0" hostname="ESL006" name="TestCases.TCSignupPaymate" tests="1" failures="0" timestamp="01 Jun 2018 09:38:35 GMT" time="17.335" errors="0">
  <testcase name="TCsignuppay" time="17.335" classname="TestCases.TCSignupPaymate"/>
</testsuite> <!-- TestCases.TCSignupPaymate -->
