<?xml version="1.0" encoding="UTF-8"?>
<!-- Generated by org.testng.reporters.JUnitReportReporter -->
<testsuite hostname="DESKTOP-5G4LIOS" failures="0" tests="1" name="TestCases.TC_Plative_salesforce_login" time="29.904" errors="0" timestamp="2020-02-06T18:20:00 IST" skipped="0">
  <testcase classname="TestCases.TC_Plative_salesforce_login" name="loginsalesforce" time="29.904"/>
</testsuite> <!-- TestCases.TC_Plative_salesforce_login -->
