<?xml version="1.0" encoding="UTF-8"?>
<!-- Generated by org.testng.reporters.JUnitReportReporter -->
<testsuite skipped="0" hostname="ESL006" name="TestCases.TC_Andhrabank" tests="1" failures="0" timestamp="11 Jun 2018 11:02:13 GMT" time="10.349" errors="0">
  <testcase name="Login" time="10.349" classname="TestCases.TC_Andhrabank"/>
</testsuite> <!-- TestCases.TC_Andhrabank -->
