<?xml version="1.0" encoding="UTF-8"?>
<!-- Generated by org.testng.reporters.JUnitReportReporter -->
<testsuite skipped="0" hostname="ESL006" name="TestCases.pdftest" tests="2" failures="0" timestamp="16 May 2018 09:43:57 GMT" time="16.210" errors="0">
  <testcase name="testVerifyPDFInURL" time="12.173" classname="TestCases.pdftest"/>
  <testcase name="testVerifyPDFTextInBrowser" time="4.037" classname="TestCases.pdftest"/>
</testsuite> <!-- TestCases.pdftest -->
